<?xml version="1.0" encoding="UTF-8"?>
<!-- Generated by org.testng.reporters.JUnitReportReporter -->
<testsuite hostname="cexs-MacBook-Pro.local" failures="0" tests="3" name="com.qa.tests.LoginTests" time="16.851" errors="0" timestamp="2023-10-05T21:10:42 WEST" skipped="0">
  <testcase classname="com.qa.tests.LoginTests" name="invalidPassword" time="8.040"/>
  <testcase classname="com.qa.tests.LoginTests" name="invalidUserName" time="3.480"/>
  <testcase classname="com.qa.tests.LoginTests" name="successfulLogin" time="5.331"/>
</testsuite> <!-- com.qa.tests.LoginTests -->
